<?xml version="1.0" encoding="UTF-8"?>
<!-- Generated by org.testng.reporters.JUnitReportReporter -->
<testsuite hostname="LAPTOP-MSMSVM81" failures="0" tests="2" name="tpack1.LoginPageTest" time="109.898" errors="0" timestamp="2022-01-19T22:00:38 IST" skipped="0">
  <testcase classname="tpack1.LoginPageTest" name="TitleTest" time="35.980"/>
  <system-out/>
  <testcase classname="tpack1.LoginPageTest" name="loginTest" time="73.918"/>
  <system-out/>
</testsuite> <!-- tpack1.LoginPageTest -->
